0 info it worked if it ends with ok
1 verbose cli [ '/usr/local/heroku/bin/node',
1 verbose cli   '/usr/local/bin/npm',
1 verbose cli   'version',
1 verbose cli   'minor' ]
2 info using npm@4.1.2
3 info using node@v8.3.0
4 info git [ 'status', '--porcelain' ]
5 verbose stack Error: Git working directory not clean.
5 verbose stack M Functions/API_Events/On.js
5 verbose stack M test/Functions/API_Events/On.js
5 verbose stack     at /usr/local/lib/node_modules/npm/lib/version.js:247:19
5 verbose stack     at /usr/local/lib/node_modules/npm/lib/utils/no-progress-while-running.js:21:8
5 verbose stack     at ChildProcess.exithandler (child_process.js:262:7)
5 verbose stack     at emitTwo (events.js:125:13)
5 verbose stack     at ChildProcess.emit (events.js:213:7)
5 verbose stack     at maybeClose (internal/child_process.js:927:16)
5 verbose stack     at Socket.stream.socket.on (internal/child_process.js:348:11)
5 verbose stack     at emitOne (events.js:115:13)
5 verbose stack     at Socket.emit (events.js:210:7)
5 verbose stack     at Pipe._handle.close [as _onclose] (net.js:549:12)
6 verbose cwd /mnt/c/Users/Kyle Ady/Documents/git/Mock20
7 error Linux 4.4.0-43-Microsoft
8 error argv "/usr/local/heroku/bin/node" "/usr/local/bin/npm" "version" "minor"
9 error node v8.3.0
10 error npm  v4.1.2
11 error Git working directory not clean.
11 error M Functions/API_Events/On.js
11 error M test/Functions/API_Events/On.js
12 error If you need help, you may report this error at:
12 error     <https://github.com/npm/npm/issues>
13 verbose exit [ 1, true ]
